c:\users\anthony\documents\github\dat-487-project-2-backup\builds\visualstudio2013\debug\reverb.obj
c:\users\anthony\documents\github\dat-487-project-2-backup\builds\visualstudio2013\debug\plugineditor.obj
c:\users\anthony\documents\github\dat-487-project-2-backup\builds\visualstudio2013\debug\predelay.obj
c:\users\anthony\documents\github\dat-487-project-2-backup\builds\visualstudio2013\debug\pluginprocessor.obj
c:\users\anthony\documents\github\dat-487-project-2-backup\builds\visualstudio2013\debug\juce_audio_basics.obj
c:\users\anthony\documents\github\dat-487-project-2-backup\builds\visualstudio2013\debug\juce_audio_plugin_client_vst3.obj
c:\users\anthony\documents\github\dat-487-project-2-backup\builds\visualstudio2013\debug\juce_cryptography.obj
c:\users\anthony\documents\github\dat-487-project-2-backup\builds\visualstudio2013\debug\juce_graphics.obj
c:\users\anthony\documents\github\dat-487-project-2-backup\builds\visualstudio2013\debug\juce_video.obj
c:\users\anthony\documents\github\dat-487-project-2-backup\builds\visualstudio2013\debug\juce_audio_plugin_client_vst2.obj
c:\users\anthony\documents\github\dat-487-project-2-backup\builds\visualstudio2013\debug\juce_audio_utils.obj
c:\users\anthony\documents\github\dat-487-project-2-backup\builds\visualstudio2013\debug\juce_events.obj
c:\users\anthony\documents\github\dat-487-project-2-backup\builds\visualstudio2013\debug\juce_gui_extra.obj
c:\users\anthony\documents\github\dat-487-project-2-backup\builds\visualstudio2013\debug\allpass filter.obj
c:\users\anthony\documents\github\dat-487-project-2-backup\builds\visualstudio2013\debug\juce_audio_devices.obj
c:\users\anthony\documents\github\dat-487-project-2-backup\builds\visualstudio2013\debug\juce_audio_plugin_client_utils.obj
c:\users\anthony\documents\github\dat-487-project-2-backup\builds\visualstudio2013\debug\juce_core.obj
c:\users\anthony\documents\github\dat-487-project-2-backup\builds\visualstudio2013\debug\juce_opengl.obj
c:\users\anthony\documents\github\dat-487-project-2-backup\builds\visualstudio2013\debug\combfilter.obj
c:\users\anthony\documents\github\dat-487-project-2-backup\builds\visualstudio2013\debug\juce_audio_formats.obj
c:\users\anthony\documents\github\dat-487-project-2-backup\builds\visualstudio2013\debug\juce_audio_processors.obj
c:\users\anthony\documents\github\dat-487-project-2-backup\builds\visualstudio2013\debug\juce_data_structures.obj
c:\users\anthony\documents\github\dat-487-project-2-backup\builds\visualstudio2013\debug\juce_gui_basics.obj
c:\users\anthony\documents\github\dat-487-project-2-backup\builds\visualstudio2013\debug\vc120.pdb
c:\users\anthony\documents\github\dat-487-project-2-backup\builds\visualstudio2013\debug\reverb.ilk
c:\users\anthony\documents\github\dat-487-project-2-backup\builds\visualstudio2013\debug\reverb.dll
c:\users\anthony\documents\github\dat-487-project-2-backup\builds\visualstudio2013\debug\reverb.pdb
c:\users\anthony\documents\github\dat-487-project-2-backup\builds\visualstudio2013\debug\resources.res
c:\users\anthony\documents\github\dat-487-project-2-backup\builds\visualstudio2013\debug\reverb.lib
c:\users\anthony\documents\github\dat-487-project-2-backup\builds\visualstudio2013\debug\reverb.exp
c:\users\anthony\documents\github\dat-487-project-2-backup\builds\visualstudio2013\debug\vc120.idb
c:\users\anthony\documents\github\dat-487-project-2-backup\builds\visualstudio2013\debug\reverb.tlog\cl.command.1.tlog
c:\users\anthony\documents\github\dat-487-project-2-backup\builds\visualstudio2013\debug\reverb.tlog\cl.read.1.tlog
c:\users\anthony\documents\github\dat-487-project-2-backup\builds\visualstudio2013\debug\reverb.tlog\cl.write.1.tlog
c:\users\anthony\documents\github\dat-487-project-2-backup\builds\visualstudio2013\debug\reverb.tlog\link.command.1.tlog
c:\users\anthony\documents\github\dat-487-project-2-backup\builds\visualstudio2013\debug\reverb.tlog\link.read.1.tlog
c:\users\anthony\documents\github\dat-487-project-2-backup\builds\visualstudio2013\debug\reverb.tlog\link.write.1.tlog
c:\users\anthony\documents\github\dat-487-project-2-backup\builds\visualstudio2013\debug\reverb.tlog\rc.command.1.tlog
c:\users\anthony\documents\github\dat-487-project-2-backup\builds\visualstudio2013\debug\reverb.tlog\rc.read.1.tlog
c:\users\anthony\documents\github\dat-487-project-2-backup\builds\visualstudio2013\debug\reverb.tlog\rc.write.1.tlog
c:\users\anthony\documents\github\dat-487-project-2-backup\builds\visualstudio2013\debug\reverb.tlog\reverb.write.1u.tlog
